2019-10-25 08:18:55 +0000 [MT] Initial pipeline context: <IDEDistributionProcessingPipelineContext: 0x7fbd3b84f470; archive(resolved)='<IDEArchive: 0x7fbd3b7a2c40>', distributionTask(resolved)='2', distributionDestination(resolved)='1', distributionMethod(resolved)='<IDEDistributionMethodAdHoc: 0x7fbd3b171d40>', team(resolved)='<IDEProvisioningBasicTeam: 0x7fbd3b6a97b0; teamID='F6SK2FS6XU', teamName='(null)'>'>
	Chain (11, self inclusive):
	<IDEDistributionProcessingPipelineContext: 0x7fbd3b84f470; archive = '<IDEArchive: 0x7fbd3b7a2c40>', distributionMethod='<IDEDistributionMethodAdHoc: 0x7fbd3b171d40>', team='<IDEProvisioningBasicTeam: 0x7fbd3b6a97b0; teamID='F6SK2FS6XU', teamName='(null)'>'>
	<IDEDistributionProcessingPipelineContext: 0x7fbd3b85ea00; archive = '<IDEArchive: 0x7fbd3b7a2c40>', distributionMethod='<IDEDistributionMethodAdHoc: 0x7fbd3b171d40>', team='<IDEProvisioningBasicTeam: 0x7fbd3b6a97b0; teamID='F6SK2FS6XU', teamName='(null)'>'>
	<IDEDistributionContext: 0x7fbd3b85a950; archive = '<IDEArchive: 0x7fbd3b7a2c40>', distributionMethod='<IDEDistributionMethodAdHoc: 0x7fbd3b171d40>', team='<IDEProvisioningBasicTeam: 0x7fbd3b6a97b0; teamID='F6SK2FS6XU', teamName='(null)'>'>
	<IDEDistributionContext: 0x7fbd3b7de920; archive = '<IDEArchive: 0x7fbd3b7a2c40>', distributionMethod='<IDEDistributionMethodAdHoc: 0x7fbd3b171d40>', team='<IDEProvisioningBasicTeam: 0x7fbd3b6a97b0; teamID='F6SK2FS6XU', teamName='(null)'>'>
	<IDEDistributionContext: 0x7fbd3b905900; archive = '<IDEArchive: 0x7fbd3b7a2c40>', distributionMethod='<IDEDistributionMethodAdHoc: 0x7fbd3b171d40>', team='<IDEProvisioningBasicTeam: 0x7fbd3b6a97b0; teamID='F6SK2FS6XU', teamName='(null)'>'>
	<IDEDistributionContext: 0x7fbd3b7d87f0; archive = '<IDEArchive: 0x7fbd3b7a2c40>', distributionMethod='<IDEDistributionMethodAdHoc: 0x7fbd3b171d40>', team='<IDEProvisioningBasicTeam: 0x7fbd3b6a97b0; teamID='F6SK2FS6XU', teamName='(null)'>'>
	<IDEDistributionContext: 0x7fbd3b7da970; archive = '<IDEArchive: 0x7fbd3b7a2c40>', distributionMethod='<IDEDistributionMethodAdHoc: 0x7fbd3b171d40>', team='<IDEProvisioningBasicTeam: 0x7fbd3b6a97b0; teamID='F6SK2FS6XU', teamName='(null)'>'>
	<IDEDistributionContext: 0x7fbd3b8684a0; archive = '<IDEArchive: 0x7fbd3b7a2c40>', distributionMethod='<IDEDistributionMethodAdHoc: 0x7fbd3b171d40>', team='<IDEProvisioningBasicTeam: 0x7fbd3b6a97b0; teamID='F6SK2FS6XU', teamName='(null)'>'>
	<IDEDistributionContext: 0x7fbd38d01ec0; archive = '<IDEArchive: 0x7fbd3b7a2c40>', distributionMethod='<IDEDistributionMethodAdHoc: 0x7fbd3b171d40>', team='<IDEProvisioningBasicTeam: 0x7fbd3b6a97b0; teamID='F6SK2FS6XU', teamName='(null)'>'>
	<IDEDistributionContext: 0x7fbd3b65f6e0; archive = '<IDEArchive: 0x7fbd3b7a2c40>', distributionMethod='<IDEDistributionMethodAdHoc: 0x7fbd3b171d40>', team='(null)'>
	<IDEDistributionContext: 0x7fbd3b7a3990; archive = '<IDEArchive: 0x7fbd3b7a2c40>', distributionMethod='(null)', team='(null)'>
</IDEDistributionProcessingPipelineContext: 0x7fbd3b84f470>
2019-10-25 08:18:55 +0000 [MT] Processing step: IDEDistributionCreateDestRootStep
2019-10-25 08:18:55 +0000 [MT] Processing step: IDEDistributionCopyItemStep
2019-10-25 08:18:55 +0000 [MT] Running /usr/bin/ditto '-V' '/Users/xiaofeiniao/Desktop/NSLog/Build/NSLog.xcarchive/Products/Applications/NSLog.app' '/var/folders/67/8l__g6vn2h3_ksq3zfzrzgsh0000gn/T/XcodeDistPipeline.2aA/Root/Payload/NSLog.app'
2019-10-25 08:18:55 +0000  >>> Copying /Users/xiaofeiniao/Desktop/NSLog/Build/NSLog.xcarchive/Products/Applications/NSLog.app 
2019-10-25 08:18:55 +0000  copying file ./_CodeSignature/CodeResources ... 
2019-10-25 08:18:55 +0000  8299 bytes for ./_CodeSignature/CodeResources
2019-10-25 08:18:55 +0000  copying file ./Base.lproj/Main.storyboardc/UIViewController-BYZ-38-t0r.nib ... 
2019-10-25 08:18:55 +0000  916 bytes for ./Base.lproj/Main.storyboardc/UIViewController-BYZ-38-t0r.nib
2019-10-25 08:18:55 +0000  copying file ./Base.lproj/Main.storyboardc/BYZ-38-t0r-view-8bC-Xf-vdC.nib ... 
2019-10-25 08:18:55 +0000  1988 bytes for ./Base.lproj/Main.storyboardc/BYZ-38-t0r-view-8bC-Xf-vdC.nib
2019-10-25 08:18:55 +0000  copying file ./Base.lproj/Main.storyboardc/Info.plist ... 
2019-10-25 08:18:55 +0000  258 bytes for ./Base.lproj/Main.storyboardc/Info.plist
2019-10-25 08:18:55 +0000  copying file ./Base.lproj/LaunchScreen.storyboardc/01J-lp-oVM-view-Ze5-6b-2t3.nib ... 
2019-10-25 08:18:55 +0000  1987 bytes for ./Base.lproj/LaunchScreen.storyboardc/01J-lp-oVM-view-Ze5-6b-2t3.nib
copying file ./Base.lproj/LaunchScreen.storyboardc/UIViewController-01J-lp-oVM.nib ... 
2019-10-25 08:18:55 +0000  832 bytes for ./Base.lproj/LaunchScreen.storyboardc/UIViewController-01J-lp-oVM.nib
copying file ./Base.lproj/LaunchScreen.storyboardc/Info.plist ... 
2019-10-25 08:18:55 +0000  258 bytes for ./Base.lproj/LaunchScreen.storyboardc/Info.plist
2019-10-25 08:18:55 +0000  copying file ./NSLog ... 
2019-10-25 08:18:55 +0000  293536 bytes for ./NSLog
2019-10-25 08:18:55 +0000  copying file ./embedded.mobileprovision ... 
2019-10-25 08:18:55 +0000  7395 bytes for ./embedded.mobileprovision
2019-10-25 08:18:55 +0000  copying file ./SVProgressHUD.bundle/info.png ... 
2019-10-25 08:18:55 +0000  365 bytes for ./SVProgressHUD.bundle/info.png
2019-10-25 08:18:55 +0000  copying file ./SVProgressHUD.bundle/error@3x.png ... 
2019-10-25 08:18:55 +0000  398 bytes for ./SVProgressHUD.bundle/error@3x.png
2019-10-25 08:18:55 +0000  copying file ./SVProgressHUD.bundle/angle-mask@3x.png ... 
2019-10-25 08:18:55 +0000  8319 bytes for ./SVProgressHUD.bundle/angle-mask@3x.png
2019-10-25 08:18:55 +0000  copying file ./SVProgressHUD.bundle/angle-mask@2x.png ... 
2019-10-25 08:18:55 +0000  4893 bytes for ./SVProgressHUD.bundle/angle-mask@2x.png
copying file ./SVProgressHUD.bundle/error@2x.png ... 
2019-10-25 08:18:55 +0000  306 bytes for ./SVProgressHUD.bundle/error@2x.png
2019-10-25 08:18:55 +0000  copying file ./SVProgressHUD.bundle/info@3x.png ... 
2019-10-25 08:18:55 +0000  1200 bytes for ./SVProgressHUD.bundle/info@3x.png
copying file ./SVProgressHUD.bundle/success@2x.png ... 
2019-10-25 08:18:55 +0000  462 bytes for ./SVProgressHUD.bundle/success@2x.png
copying file ./SVProgressHUD.bundle/success@3x.png ... 
2019-10-25 08:18:55 +0000  714 bytes for ./SVProgressHUD.bundle/success@3x.png
2019-10-25 08:18:55 +0000  copying file ./SVProgressHUD.bundle/info@2x.png ... 
2019-10-25 08:18:55 +0000  816 bytes for ./SVProgressHUD.bundle/info@2x.png
copying file ./SVProgressHUD.bundle/error.png ... 
2019-10-25 08:18:55 +0000  184 bytes for ./SVProgressHUD.bundle/error.png
copying file ./SVProgressHUD.bundle/success.png ... 
2019-10-25 08:18:55 +0000  262 bytes for ./SVProgressHUD.bundle/success.png
copying file ./SVProgressHUD.bundle/angle-mask.png ... 
2019-10-25 08:18:55 +0000  1845 bytes for ./SVProgressHUD.bundle/angle-mask.png
2019-10-25 08:18:55 +0000  copying file ./Info.plist ... 
2019-10-25 08:18:55 +0000  1106 bytes for ./Info.plist
2019-10-25 08:18:55 +0000  copying file ./PkgInfo ... 
2019-10-25 08:18:55 +0000  8 bytes for ./PkgInfo
2019-10-25 08:18:55 +0000 [MT] /usr/bin/ditto exited with 0
2019-10-25 08:18:55 +0000 [MT] Processing step: IDEDistributionEmbedProfileStep
2019-10-25 08:18:55 +0000 [MT] Processing step: IDEDistributionAppThinningPlistStep
2019-10-25 08:18:55 +0000 [MT] Skipping step: IDEDistributionAppThinningPlistStep because it said so
2019-10-25 08:18:55 +0000 [MT] Processing step: IDEDistributionCompileBitcodeStep
2019-10-25 08:18:55 +0000 [MT] Skipping step: IDEDistributionCompileBitcodeStep because it said so
2019-10-25 08:18:55 +0000 [MT] Processing step: IDEDistributionCodeSlimmingStep
2019-10-25 08:18:55 +0000 [MT] Processing step: IDEDistributionCopyBCSymbolMapsStep
2019-10-25 08:18:55 +0000 [MT] Skipping step: IDEDistributionCopyBCSymbolMapsStep because it said so
2019-10-25 08:18:55 +0000 [MT] Processing step: IDEDistributionSymbolsStep
2019-10-25 08:18:55 +0000 [MT] Skipping step: IDEDistributionSymbolsStep because it said so
2019-10-25 08:18:55 +0000 [MT] Processing step: IDEDistributionAppThinningStep
2019-10-25 08:18:55 +0000 [MT] Skipping step: IDEDistributionAppThinningStep because it said so
2019-10-25 08:18:55 +0000 [MT] Processing step: IDEDistributionArchThinningStep
2019-10-25 08:18:55 +0000 [MT] Running /Applications/Xcode.app/Contents/Developer/Toolchains/XcodeDefault.xctoolchain/usr/bin/lipo '/var/folders/67/8l__g6vn2h3_ksq3zfzrzgsh0000gn/T/XcodeDistPipeline.2aA/Root/Payload/NSLog.app/NSLog' '-verify_arch' 'arm64e'
2019-10-25 08:18:55 +0000 [MT] /Applications/Xcode.app/Contents/Developer/Toolchains/XcodeDefault.xctoolchain/usr/bin/lipo exited with 1
2019-10-25 08:18:55 +0000 [MT] Skipping architecture thinning for item "NSLog" because arch "arm64e" wasn't found
2019-10-25 08:18:55 +0000 [MT] Processing step: IDEDistributionODRStep
2019-10-25 08:18:55 +0000 [MT] Processing step: IDEDistributionStripXattrsStep
2019-10-25 08:18:55 +0000 [MT] Running /usr/bin/xattr '-crs' '/var/folders/67/8l__g6vn2h3_ksq3zfzrzgsh0000gn/T/XcodeDistPipeline.2aA/Root/Payload/NSLog.app'
2019-10-25 08:18:55 +0000 [MT] /usr/bin/xattr exited with 0
2019-10-25 08:18:55 +0000 [MT] Processing step: IDEDistributionCodesignStep
2019-10-25 08:18:55 +0000 [MT] Entitlements for <IDEDistributionItem: 0x7fbd3b1f2160 'com.test.xuesheng' '<DVTFilePath:0x7fbd3b7a3360:'/Users/xiaofeiniao/Desktop/NSLog/Build/NSLog.xcarchive/Products/Applications/NSLog.app'>'>: {
    "application-identifier" = "F6SK2FS6XU.com.test.xuesheng";
    "com.apple.developer.team-identifier" = F6SK2FS6XU;
    "get-task-allow" = 0;
    "keychain-access-groups" =     (
        "F6SK2FS6XU.com.test.xuesheng"
    );
}
2019-10-25 08:18:55 +0000 [MT] Writing entitlements for <IDEDistributionItem: 0x7fbd3b1f2160 'com.test.xuesheng' '<DVTFilePath:0x7fbd3b7a3360:'/Users/xiaofeiniao/Desktop/NSLog/Build/NSLog.xcarchive/Products/Applications/NSLog.app'>'> to: /var/folders/67/8l__g6vn2h3_ksq3zfzrzgsh0000gn/T/XcodeDistPipeline.2aA/entitlementsDJtNBY
2019-10-25 08:18:55 +0000 [MT] Running /usr/bin/codesign '-vvv' '--force' '--sign' '7722B11A5366CC4830D03A3541C1FDC6535577EA' '--entitlements' '/var/folders/67/8l__g6vn2h3_ksq3zfzrzgsh0000gn/T/XcodeDistPipeline.2aA/entitlementsDJtNBY' '--preserve-metadata=identifier,flags,runtime' '/var/folders/67/8l__g6vn2h3_ksq3zfzrzgsh0000gn/T/XcodeDistPipeline.2aA/Root/Payload/NSLog.app'
2019-10-25 08:18:56 +0000  /var/folders/67/8l__g6vn2h3_ksq3zfzrzgsh0000gn/T/XcodeDistPipeline.2aA/Root/Payload/NSLog.app: replacing existing signature
2019-10-25 08:18:56 +0000  /var/folders/67/8l__g6vn2h3_ksq3zfzrzgsh0000gn/T/XcodeDistPipeline.2aA/Root/Payload/NSLog.app: signed app bundle with Mach-O universal (armv7 arm64) [com.test.xuesheng]
2019-10-25 08:18:56 +0000 [MT] /usr/bin/codesign exited with 0
2019-10-25 08:18:56 +0000 [MT] Processing step: IDEDistributionZipODRItemStep
2019-10-25 08:18:56 +0000 [MT] Skipping step: IDEDistributionZipODRItemStep because it said so
2019-10-25 08:18:56 +0000 [MT] Processing step: IDEDistributionCreateIPAStep
2019-10-25 08:18:56 +0000 [MT] Running /usr/bin/ditto '-V' '-c' '-k' '--norsrc' '/var/folders/67/8l__g6vn2h3_ksq3zfzrzgsh0000gn/T/XcodeDistPipeline.2aA/Root' '/var/folders/67/8l__g6vn2h3_ksq3zfzrzgsh0000gn/T/XcodeDistPipeline.2aA/Packages/NSLog.ipa'
2019-10-25 08:18:56 +0000  >>> Copying /var/folders/67/8l__g6vn2h3_ksq3zfzrzgsh0000gn/T/XcodeDistPipeline.2aA/Root 
2019-10-25 08:18:56 +0000  copying file ./Payload/NSLog.app/_CodeSignature/CodeResources ... 
2019-10-25 08:18:56 +0000  8299 bytes for ./Payload/NSLog.app/_CodeSignature/CodeResources
2019-10-25 08:18:56 +0000  copying file ./Payload/NSLog.app/Base.lproj/Main.storyboardc/UIViewController-BYZ-38-t0r.nib ... 
2019-10-25 08:18:56 +0000  916 bytes for ./Payload/NSLog.app/Base.lproj/Main.storyboardc/UIViewController-BYZ-38-t0r.nib
copying file ./Payload/NSLog.app/Base.lproj/Main.storyboardc/BYZ-38-t0r-view-8bC-Xf-vdC.nib ... 
2019-10-25 08:18:56 +0000  1988 bytes for ./Payload/NSLog.app/Base.lproj/Main.storyboardc/BYZ-38-t0r-view-8bC-Xf-vdC.nib
copying file ./Payload/NSLog.app/Base.lproj/Main.storyboardc/Info.plist ... 
2019-10-25 08:18:56 +0000  258 bytes for ./Payload/NSLog.app/Base.lproj/Main.storyboardc/Info.plist
2019-10-25 08:18:56 +0000  copying file ./Payload/NSLog.app/Base.lproj/LaunchScreen.storyboardc/01J-lp-oVM-view-Ze5-6b-2t3.nib ... 
2019-10-25 08:18:56 +0000  1987 bytes for ./Payload/NSLog.app/Base.lproj/LaunchScreen.storyboardc/01J-lp-oVM-view-Ze5-6b-2t3.nib
copying file ./Payload/NSLog.app/Base.lproj/LaunchScreen.storyboardc/UIViewController-01J-lp-oVM.nib ... 
2019-10-25 08:18:56 +0000  832 bytes for ./Payload/NSLog.app/Base.lproj/LaunchScreen.storyboardc/UIViewController-01J-lp-oVM.nib
copying file ./Payload/NSLog.app/Base.lproj/LaunchScreen.storyboardc/Info.plist ... 
2019-10-25 08:18:56 +0000  258 bytes for ./Payload/NSLog.app/Base.lproj/LaunchScreen.storyboardc/Info.plist
2019-10-25 08:18:56 +0000  copying file ./Payload/NSLog.app/NSLog ... 
2019-10-25 08:18:56 +0000  293536 bytes for ./Payload/NSLog.app/NSLog
copying file ./Payload/NSLog.app/embedded.mobileprovision ... 
2019-10-25 08:18:56 +0000  7395 bytes for ./Payload/NSLog.app/embedded.mobileprovision
2019-10-25 08:18:56 +0000  copying file ./Payload/NSLog.app/SVProgressHUD.bundle/info.png ... 
2019-10-25 08:18:56 +0000  365 bytes for ./Payload/NSLog.app/SVProgressHUD.bundle/info.png
copying file ./Payload/NSLog.app/SVProgressHUD.bundle/error@3x.png ... 
2019-10-25 08:18:56 +0000  398 bytes for ./Payload/NSLog.app/SVProgressHUD.bundle/error@3x.png
copying file ./Payload/NSLog.app/SVProgressHUD.bundle/angle-mask@3x.png ... 
2019-10-25 08:18:56 +0000  8319 bytes for ./Payload/NSLog.app/SVProgressHUD.bundle/angle-mask@3x.png
copying file ./Payload/NSLog.app/SVProgressHUD.bundle/angle-mask@2x.png ... 
2019-10-25 08:18:56 +0000  4893 bytes for ./Payload/NSLog.app/SVProgressHUD.bundle/angle-mask@2x.png
copying file ./Payload/NSLog.app/SVProgressHUD.bundle/error@2x.png ... 
2019-10-25 08:18:56 +0000  306 bytes for ./Payload/NSLog.app/SVProgressHUD.bundle/error@2x.png
2019-10-25 08:18:56 +0000  copying file ./Payload/NSLog.app/SVProgressHUD.bundle/info@3x.png ... 
2019-10-25 08:18:56 +0000  1200 bytes for ./Payload/NSLog.app/SVProgressHUD.bundle/info@3x.png
copying file ./Payload/NSLog.app/SVProgressHUD.bundle/success@2x.png ... 
2019-10-25 08:18:56 +0000  462 bytes for ./Payload/NSLog.app/SVProgressHUD.bundle/success@2x.png
copying file ./Payload/NSLog.app/SVProgressHUD.bundle/success@3x.png ... 
2019-10-25 08:18:56 +0000  714 bytes for ./Payload/NSLog.app/SVProgressHUD.bundle/success@3x.png
2019-10-25 08:18:56 +0000  copying file ./Payload/NSLog.app/SVProgressHUD.bundle/info@2x.png ... 
2019-10-25 08:18:56 +0000  816 bytes for ./Payload/NSLog.app/SVProgressHUD.bundle/info@2x.png
copying file ./Payload/NSLog.app/SVProgressHUD.bundle/error.png ... 
184 bytes for ./Payload/NSLog.app/SVProgressHUD.bundle/error.png
copying file ./Payload/NSLog.app/SVProgressHUD.bundle/success.png ... 
262 bytes for ./Payload/NSLog.app/SVProgressHUD.bundle/success.png
copying file ./Payload/NSLog.app/SVProgressHUD.bundle/angle-mask.png ... 
1845 bytes for ./Payload/NSLog.app/SVProgressHUD.bundle/angle-mask.png
copying file ./Payload/NSLog.app/Info.plist ... 
2019-10-25 08:18:56 +0000  1106 bytes for ./Payload/NSLog.app/Info.plist
copying file ./Payload/NSLog.app/PkgInfo ... 
8 bytes for ./Payload/NSLog.app/PkgInfo
2019-10-25 08:18:56 +0000 [MT] /usr/bin/ditto exited with 0
2019-10-25 08:18:56 +0000 [MT] Processing step: IDEDistributionAppStoreInformationStep
2019-10-25 08:18:56 +0000 [MT] Skipping step: IDEDistributionAppStoreInformationStep because it said so
2019-10-25 08:18:56 +0000 [MT] Processing step: IDEDistributionCreateManifestStep
